# JRE version: OpenJDK Runtime Environment Temurin-23.0.1+11 (23.0.1+11) (build 23.0.1+11)
# Java VM: OpenJDK 64-Bit Server VM Temurin-23.0.1+11 (23.0.1+11, mixed mode, sharing, tiered, compressed oops, compressed class ptrs, g1 gc, windows-amd64)
GC Precious Log:
 CardTable entry size: 512
 Card Set container configuration: InlinePtr #cards 5 size 8 Array Of Cards #cards 10 size 36 Howl #buckets 4 coarsen threshold 1843 Howl Bitmap #cards 512 size 80 coarsen threshold 460 Card regions per heap region 1 cards per card region 2048
 CPUs: 4 total, 4 available
 Memory: 8073M
 Large Page Support: Disabled
 NUMA Support: Disabled
 Compressed Oops: Enabled (32-bit)
 Heap Region Size: 1M
 Heap Min Capacity: 8M
 Heap Initial Capacity: 128M
 Heap Max Capacity: 2020M
 Pre-touch: Disabled
 Parallel Workers: 4
 Concurrent Workers: 1
 Concurrent Refinement Workers: 4
 Periodic GC: Disabled
Heap:
 garbage-first heap   total reserved 2068480K, committed 133120K, used 59709K [0x0000000081c00000, 0x0000000100000000)
  region size 1024K, 3 young (3072K), 3 survivors (3072K)
 Metaspace       used 68315K, committed 68992K, reserved 1114112K
  class space    used 9763K, committed 10048K, reserved 1048576K
GC Heap History (20 events):
Event: 11.638 GC heap after
{Heap after GC invocations=12 (full 0):
 garbage-first heap   total reserved 2068480K, committed 71680K, used 31192K [0x0000000081c00000, 0x0000000100000000)
  region size 1024K, 3 young (3072K), 3 survivors (3072K)
 Metaspace       used 44286K, committed 44800K, reserved 1114112K
  class space    used 5955K, committed 6208K, reserved 1048576K
}
Event: 12.797 GC heap before
{Heap before GC invocations=12 (full 0):
 garbage-first heap   total reserved 2068480K, committed 71680K, used 60888K [0x0000000081c00000, 0x0000000100000000)
  region size 1024K, 32 young (32768K), 3 survivors (3072K)
 Metaspace       used 52232K, committed 52800K, reserved 1114112K
  class space    used 6997K, committed 7232K, reserved 1048576K
}
Event: 12.804 GC heap after
{Heap after GC invocations=13 (full 0):
 garbage-first heap   total reserved 2068480K, committed 71680K, used 32998K [0x0000000081c00000, 0x0000000100000000)
  region size 1024K, 4 young (4096K), 4 survivors (4096K)
 Metaspace       used 52232K, committed 52800K, reserved 1114112K
  class space    used 6997K, committed 7232K, reserved 1048576K
}
Event: 13.679 GC heap before
{Heap before GC invocations=13 (full 0):
 garbage-first heap   total reserved 2068480K, committed 71680K, used 55526K [0x0000000081c00000, 0x0000000100000000)
  region size 1024K, 28 young (28672K), 4 survivors (4096K)
 Metaspace       used 59861K, committed 60416K, reserved 1114112K
  class space    used 8238K, committed 8448K, reserved 1048576K
}
Event: 13.686 GC heap after
{Heap after GC invocations=14 (full 0):
 garbage-first heap   total reserved 2068480K, committed 71680K, used 34227K [0x0000000081c00000, 0x0000000100000000)
  region size 1024K, 4 young (4096K), 4 survivors (4096K)
 Metaspace       used 59861K, committed 60416K, reserved 1114112K
  class space    used 8238K, committed 8448K, reserved 1048576K
}
Event: 14.805 GC heap before
{Heap before GC invocations=15 (full 0):
 garbage-first heap   total reserved 2068480K, committed 71680K, used 61875K [0x0000000081c00000, 0x0000000100000000)
  region size 1024K, 31 young (31744K), 4 survivors (4096K)
 Metaspace       used 64476K, committed 65152K, reserved 1114112K
  class space    used 8962K, committed 9280K, reserved 1048576K
}
Event: 14.812 GC heap after
{Heap after GC invocations=16 (full 0):
 garbage-first heap   total reserved 2068480K, committed 71680K, used 36595K [0x0000000081c00000, 0x0000000100000000)
  region size 1024K, 4 young (4096K), 4 survivors (4096K)
 Metaspace       used 64476K, committed 65152K, reserved 1114112K
  class space    used 8962K, committed 9280K, reserved 1048576K
}
Event: 15.498 GC heap before
{Heap before GC invocations=16 (full 0):
 garbage-first heap   total reserved 2068480K, committed 71680K, used 62195K [0x0000000081c00000, 0x0000000100000000)
  region size 1024K, 29 young (29696K), 4 survivors (4096K)
 Metaspace       used 66659K, committed 67392K, reserved 1114112K
  class space    used 9398K, committed 9728K, reserved 1048576K
}
Event: 15.508 GC heap after
{Heap after GC invocations=17 (full 0):
 garbage-first heap   total reserved 2068480K, committed 71680K, used 37754K [0x0000000081c00000, 0x0000000100000000)
  region size 1024K, 2 young (2048K), 2 survivors (2048K)
 Metaspace       used 66659K, committed 67392K, reserved 1114112K
  class space    used 9398K, committed 9728K, reserved 1048576K
}
Event: 15.792 GC heap before
{Heap before GC invocations=17 (full 0):
 garbage-first heap   total reserved 2068480K, committed 71680K, used 64378K [0x0000000081c00000, 0x0000000100000000)
  region size 1024K, 28 young (28672K), 2 survivors (2048K)
 Metaspace       used 66684K, committed 67392K, reserved 1114112K
  class space    used 9399K, committed 9728K, reserved 1048576K
}
Event: 15.800 GC heap after
{Heap after GC invocations=18 (full 0):
 garbage-first heap   total reserved 2068480K, committed 71680K, used 41729K [0x0000000081c00000, 0x0000000100000000)
  region size 1024K, 4 young (4096K), 4 survivors (4096K)
 Metaspace       used 66684K, committed 67392K, reserved 1114112K
  class space    used 9399K, committed 9728K, reserved 1048576K
}
Event: 16.272 GC heap before
{Heap before GC invocations=19 (full 0):
 garbage-first heap   total reserved 2068480K, committed 71680K, used 63233K [0x0000000081c00000, 0x0000000100000000)
  region size 1024K, 25 young (25600K), 4 survivors (4096K)
 Metaspace       used 68301K, committed 68992K, reserved 1114112K
  class space    used 9763K, committed 10048K, reserved 1048576K
}
Event: 16.285 GC heap after
{Heap after GC invocations=20 (full 0):
 garbage-first heap   total reserved 2068480K, committed 73728K, used 47572K [0x0000000081c00000, 0x0000000100000000)
  region size 1024K, 4 young (4096K), 4 survivors (4096K)
 Metaspace       used 68301K, committed 68992K, reserved 1114112K
  class space    used 9763K, committed 10048K, reserved 1048576K
}
Event: 16.437 GC heap before
{Heap before GC invocations=20 (full 0):
 garbage-first heap   total reserved 2068480K, committed 73728K, used 63956K [0x0000000081c00000, 0x0000000100000000)
  region size 1024K, 20 young (20480K), 4 survivors (4096K)
 Metaspace       used 68302K, committed 68992K, reserved 1114112K
  class space    used 9763K, committed 10048K, reserved 1048576K
}
Event: 16.453 GC heap after
{Heap after GC invocations=21 (full 0):
 garbage-first heap   total reserved 2068480K, committed 73728K, used 51101K [0x0000000081c00000, 0x0000000100000000)
  region size 1024K, 3 young (3072K), 3 survivors (3072K)
 Metaspace       used 68302K, committed 68992K, reserved 1114112K
  class space    used 9763K, committed 10048K, reserved 1048576K
}
Event: 16.543 GC heap before
{Heap before GC invocations=21 (full 0):
 garbage-first heap   total reserved 2068480K, committed 73728K, used 65437K [0x0000000081c00000, 0x0000000100000000)
  region size 1024K, 17 young (17408K), 3 survivors (3072K)
 Metaspace       used 68304K, committed 68992K, reserved 1114112K
  class space    used 9763K, committed 10048K, reserved 1048576K
}
Event: 16.554 GC heap after
{Heap after GC invocations=22 (full 0):
 garbage-first heap   total reserved 2068480K, committed 73728K, used 55296K [0x0000000081c00000, 0x0000000100000000)
  region size 1024K, 3 young (3072K), 3 survivors (3072K)
 Metaspace       used 68304K, committed 68992K, reserved 1114112K
  class space    used 9763K, committed 10048K, reserved 1048576K
}
Event: 16.711 GC heap before
{Heap before GC invocations=23 (full 0):
 garbage-first heap   total reserved 2068480K, committed 89088K, used 63488K [0x0000000081c00000, 0x0000000100000000)
  region size 1024K, 13 young (13312K), 3 survivors (3072K)
 Metaspace       used 68315K, committed 68992K, reserved 1114112K
  class space    used 9763K, committed 10048K, reserved 1048576K
}
Event: 16.717 GC heap after
{Heap after GC invocations=24 (full 0):
 garbage-first heap   total reserved 2068480K, committed 89088K, used 54634K [0x0000000081c00000, 0x0000000100000000)
  region size 1024K, 2 young (2048K), 2 survivors (2048K)
 Metaspace       used 68315K, committed 68992K, reserved 1114112K
  class space    used 9763K, committed 10048K, reserved 1048576K
}
Event: 16.837 GC heap before
{Heap before GC invocations=24 (full 0):
 garbage-first heap   total reserved 2068480K, committed 89088K, used 75114K [0x0000000081c00000, 0x0000000100000000)
  region size 1024K, 22 young (22528K), 2 survivors (2048K)
 Metaspace       used 68315K, committed 68992K, reserved 1114112K
  class space    used 9763K, committed 10048K, reserved 1048576K
}

